FILE_TYPE=LIBRARY_PARTS;
PRIMITIVE 'CM8V_T1A_32.768KHZ_9PF_20PPM_TA_QC','CM8V_T1A_32.768KHZ_9PF_20PPM_TA_QC_Other';
  PIN
    'X2':
      PIN_NUMBER='(2)';
      NO_LOAD_CHECK=BOTH;
      NO_IO_CHECK=BOTH;
      ALLOW_CONNECT=TRUE;
      PINUSE='UNSPEC';
    '':
      PIN_NUMBER='()';
      NO_LOAD_CHECK=BOTH;
      NO_IO_CHECK=BOTH;
      ALLOW_CONNECT=TRUE;
      PINUSE='UNSPEC';
  END_PIN;
  BODY
    PART_NAME='CM8V_T1A_32.768KHZ_9PF_20PPM_TA_QC';
    PHYS_DES_PREFIX='Y';
    NO_LOAD_CHECK='TRUE';
    PIN_COUNT='2';
    BODY_NAME='CM8V_T1A_32.768KHZ_9PF_20PPM_TA_QC';
    JEDEC_TYPE='CM8V32768TA020125';
  END_BODY;
END_PRIMITIVE;
END.
